2024-05-19 22:22:03,229 [Worker-5: Loading available Gradle versions] INFO  o.e.b.c.i.u.g.PublishedGradleVersions - Gradle version information cache is up-to-date. Trying to read.
2024-05-19 22:27:42,724 [Worker-12: Launching mavenrun-3096282e-7093-46e9-8eaf-66f1428f4441] INFO  o.eclipse.m2e.core.internal.Bundles - getClasspathEntries(Bundle=org.eclipse.m2e.maven.runtime_3.9.600.20231203-1234 [635])
2024-05-19 22:27:42,727 [Worker-12: Launching mavenrun-3096282e-7093-46e9-8eaf-66f1428f4441] INFO  o.eclipse.m2e.core.internal.Bundles - 	Entry: C:\Users\DELL\.p2\pool\plugins\org.eclipse.m2e.maven.runtime_3.9.600.20231203-1234
2024-05-19 22:27:42,728 [Worker-12: Launching mavenrun-3096282e-7093-46e9-8eaf-66f1428f4441] INFO  o.eclipse.m2e.core.internal.Bundles - 	Entry: C:\Users\DELL\.p2\pool\plugins\org.eclipse.m2e.maven.runtime_3.9.600.20231203-1234\jars\aopalliance-1.0.jar
2024-05-19 22:27:42,729 [Worker-12: Launching mavenrun-3096282e-7093-46e9-8eaf-66f1428f4441] INFO  o.eclipse.m2e.core.internal.Bundles - 	Entry: C:\Users\DELL\.p2\pool\plugins\org.eclipse.m2e.maven.runtime_3.9.600.20231203-1234\jars\guice-5.1.0.jar
2024-05-19 22:27:42,729 [Worker-12: Launching mavenrun-3096282e-7093-46e9-8eaf-66f1428f4441] INFO  o.eclipse.m2e.core.internal.Bundles - 	Entry: C:\Users\DELL\.p2\pool\plugins\org.eclipse.m2e.maven.runtime_3.9.600.20231203-1234\jars\httpclient-4.5.14.jar
2024-05-19 22:27:42,730 [Worker-12: Launching mavenrun-3096282e-7093-46e9-8eaf-66f1428f4441] INFO  o.eclipse.m2e.core.internal.Bundles - 	Entry: C:\Users\DELL\.p2\pool\plugins\org.eclipse.m2e.maven.runtime_3.9.600.20231203-1234\jars\httpcore-4.4.16.jar
2024-05-19 22:27:42,730 [Worker-12: Launching mavenrun-3096282e-7093-46e9-8eaf-66f1428f4441] INFO  o.eclipse.m2e.core.internal.Bundles - 	Entry: C:\Users\DELL\.p2\pool\plugins\org.eclipse.m2e.maven.runtime_3.9.600.20231203-1234\jars\jansi-2.4.0.jar
2024-05-19 22:27:42,730 [Worker-12: Launching mavenrun-3096282e-7093-46e9-8eaf-66f1428f4441] INFO  o.eclipse.m2e.core.internal.Bundles - 	Entry: C:\Users\DELL\.p2\pool\plugins\org.eclipse.m2e.maven.runtime_3.9.600.20231203-1234\jars\jcl-over-slf4j-1.7.36.jar
2024-05-19 22:27:42,730 [Worker-12: Launching mavenrun-3096282e-7093-46e9-8eaf-66f1428f4441] INFO  o.eclipse.m2e.core.internal.Bundles - 	Entry: C:\Users\DELL\.p2\pool\plugins\org.eclipse.m2e.maven.runtime_3.9.600.20231203-1234\jars\maven-artifact-3.9.6.jar
2024-05-19 22:27:42,731 [Worker-12: Launching mavenrun-3096282e-7093-46e9-8eaf-66f1428f4441] INFO  o.eclipse.m2e.core.internal.Bundles - 	Entry: C:\Users\DELL\.p2\pool\plugins\org.eclipse.m2e.maven.runtime_3.9.600.20231203-1234\jars\maven-builder-support-3.9.6.jar
2024-05-19 22:27:42,731 [Worker-12: Launching mavenrun-3096282e-7093-46e9-8eaf-66f1428f4441] INFO  o.eclipse.m2e.core.internal.Bundles - 	Entry: C:\Users\DELL\.p2\pool\plugins\org.eclipse.m2e.maven.runtime_3.9.600.20231203-1234\jars\maven-compat-3.9.6.jar
2024-05-19 22:27:42,731 [Worker-12: Launching mavenrun-3096282e-7093-46e9-8eaf-66f1428f4441] INFO  o.eclipse.m2e.core.internal.Bundles - 	Entry: C:\Users\DELL\.p2\pool\plugins\org.eclipse.m2e.maven.runtime_3.9.600.20231203-1234\jars\maven-core-3.9.6.jar
2024-05-19 22:27:42,731 [Worker-12: Launching mavenrun-3096282e-7093-46e9-8eaf-66f1428f4441] INFO  o.eclipse.m2e.core.internal.Bundles - 	Entry: C:\Users\DELL\.p2\pool\plugins\org.eclipse.m2e.maven.runtime_3.9.600.20231203-1234\jars\maven-embedder-3.9.6.jar
2024-05-19 22:27:42,733 [Worker-12: Launching mavenrun-3096282e-7093-46e9-8eaf-66f1428f4441] INFO  o.eclipse.m2e.core.internal.Bundles - 	Entry: C:\Users\DELL\.p2\pool\plugins\org.eclipse.m2e.maven.runtime_3.9.600.20231203-1234\jars\maven-model-3.9.6.jar
2024-05-19 22:27:42,733 [Worker-12: Launching mavenrun-3096282e-7093-46e9-8eaf-66f1428f4441] INFO  o.eclipse.m2e.core.internal.Bundles - 	Entry: C:\Users\DELL\.p2\pool\plugins\org.eclipse.m2e.maven.runtime_3.9.600.20231203-1234\jars\maven-model-builder-3.9.6.jar
2024-05-19 22:27:42,733 [Worker-12: Launching mavenrun-3096282e-7093-46e9-8eaf-66f1428f4441] INFO  o.eclipse.m2e.core.internal.Bundles - 	Entry: C:\Users\DELL\.p2\pool\plugins\org.eclipse.m2e.maven.runtime_3.9.600.20231203-1234\jars\maven-plugin-api-3.9.6.jar
2024-05-19 22:27:42,734 [Worker-12: Launching mavenrun-3096282e-7093-46e9-8eaf-66f1428f4441] INFO  o.eclipse.m2e.core.internal.Bundles - 	Entry: C:\Users\DELL\.p2\pool\plugins\org.eclipse.m2e.maven.runtime_3.9.600.20231203-1234\jars\maven-repository-metadata-3.9.6.jar
2024-05-19 22:27:42,734 [Worker-12: Launching mavenrun-3096282e-7093-46e9-8eaf-66f1428f4441] INFO  o.eclipse.m2e.core.internal.Bundles - 	Entry: C:\Users\DELL\.p2\pool\plugins\org.eclipse.m2e.maven.runtime_3.9.600.20231203-1234\jars\maven-resolver-api-1.9.18.jar
2024-05-19 22:27:42,735 [Worker-12: Launching mavenrun-3096282e-7093-46e9-8eaf-66f1428f4441] INFO  o.eclipse.m2e.core.internal.Bundles - 	Entry: C:\Users\DELL\.p2\pool\plugins\org.eclipse.m2e.maven.runtime_3.9.600.20231203-1234\jars\maven-resolver-connector-basic-1.9.18.jar
2024-05-19 22:27:42,735 [Worker-12: Launching mavenrun-3096282e-7093-46e9-8eaf-66f1428f4441] INFO  o.eclipse.m2e.core.internal.Bundles - 	Entry: C:\Users\DELL\.p2\pool\plugins\org.eclipse.m2e.maven.runtime_3.9.600.20231203-1234\jars\maven-resolver-impl-1.9.18.jar
2024-05-19 22:27:42,735 [Worker-12: Launching mavenrun-3096282e-7093-46e9-8eaf-66f1428f4441] INFO  o.eclipse.m2e.core.internal.Bundles - 	Entry: C:\Users\DELL\.p2\pool\plugins\org.eclipse.m2e.maven.runtime_3.9.600.20231203-1234\jars\maven-resolver-named-locks-1.9.18.jar
2024-05-19 22:27:42,735 [Worker-12: Launching mavenrun-3096282e-7093-46e9-8eaf-66f1428f4441] INFO  o.eclipse.m2e.core.internal.Bundles - 	Entry: C:\Users\DELL\.p2\pool\plugins\org.eclipse.m2e.maven.runtime_3.9.600.20231203-1234\jars\maven-resolver-provider-3.9.6.jar
2024-05-19 22:27:42,735 [Worker-12: Launching mavenrun-3096282e-7093-46e9-8eaf-66f1428f4441] INFO  o.eclipse.m2e.core.internal.Bundles - 	Entry: C:\Users\DELL\.p2\pool\plugins\org.eclipse.m2e.maven.runtime_3.9.600.20231203-1234\jars\maven-resolver-spi-1.9.18.jar
2024-05-19 22:27:42,735 [Worker-12: Launching mavenrun-3096282e-7093-46e9-8eaf-66f1428f4441] INFO  o.eclipse.m2e.core.internal.Bundles - 	Entry: C:\Users\DELL\.p2\pool\plugins\org.eclipse.m2e.maven.runtime_3.9.600.20231203-1234\jars\maven-resolver-transport-file-1.9.18.jar
2024-05-19 22:27:42,735 [Worker-12: Launching mavenrun-3096282e-7093-46e9-8eaf-66f1428f4441] INFO  o.eclipse.m2e.core.internal.Bundles - 	Entry: C:\Users\DELL\.p2\pool\plugins\org.eclipse.m2e.maven.runtime_3.9.600.20231203-1234\jars\maven-resolver-transport-http-1.9.18.jar
2024-05-19 22:27:42,736 [Worker-12: Launching mavenrun-3096282e-7093-46e9-8eaf-66f1428f4441] INFO  o.eclipse.m2e.core.internal.Bundles - 	Entry: C:\Users\DELL\.p2\pool\plugins\org.eclipse.m2e.maven.runtime_3.9.600.20231203-1234\jars\maven-resolver-transport-wagon-1.9.18.jar
2024-05-19 22:27:42,736 [Worker-12: Launching mavenrun-3096282e-7093-46e9-8eaf-66f1428f4441] INFO  o.eclipse.m2e.core.internal.Bundles - 	Entry: C:\Users\DELL\.p2\pool\plugins\org.eclipse.m2e.maven.runtime_3.9.600.20231203-1234\jars\maven-resolver-util-1.9.18.jar
2024-05-19 22:27:42,736 [Worker-12: Launching mavenrun-3096282e-7093-46e9-8eaf-66f1428f4441] INFO  o.eclipse.m2e.core.internal.Bundles - 	Entry: C:\Users\DELL\.p2\pool\plugins\org.eclipse.m2e.maven.runtime_3.9.600.20231203-1234\jars\maven-settings-3.9.6.jar
2024-05-19 22:27:42,736 [Worker-12: Launching mavenrun-3096282e-7093-46e9-8eaf-66f1428f4441] INFO  o.eclipse.m2e.core.internal.Bundles - 	Entry: C:\Users\DELL\.p2\pool\plugins\org.eclipse.m2e.maven.runtime_3.9.600.20231203-1234\jars\maven-settings-builder-3.9.6.jar
2024-05-19 22:27:42,736 [Worker-12: Launching mavenrun-3096282e-7093-46e9-8eaf-66f1428f4441] INFO  o.eclipse.m2e.core.internal.Bundles - 	Entry: C:\Users\DELL\.p2\pool\plugins\org.eclipse.m2e.maven.runtime_3.9.600.20231203-1234\jars\maven-shared-utils-3.3.4.jar
2024-05-19 22:27:42,737 [Worker-12: Launching mavenrun-3096282e-7093-46e9-8eaf-66f1428f4441] INFO  o.eclipse.m2e.core.internal.Bundles - 	Entry: C:\Users\DELL\.p2\pool\plugins\org.eclipse.m2e.maven.runtime_3.9.600.20231203-1234\jars\org.eclipse.sisu.inject-0.9.0.M2.jar
2024-05-19 22:27:42,737 [Worker-12: Launching mavenrun-3096282e-7093-46e9-8eaf-66f1428f4441] INFO  o.eclipse.m2e.core.internal.Bundles - 	Entry: C:\Users\DELL\.p2\pool\plugins\org.eclipse.m2e.maven.runtime_3.9.600.20231203-1234\jars\org.eclipse.sisu.plexus-0.9.0.M2.jar
2024-05-19 22:27:42,739 [Worker-12: Launching mavenrun-3096282e-7093-46e9-8eaf-66f1428f4441] INFO  o.eclipse.m2e.core.internal.Bundles - 	Entry: C:\Users\DELL\.p2\pool\plugins\org.eclipse.m2e.maven.runtime_3.9.600.20231203-1234\jars\plexus-build-api-0.0.7.jar
2024-05-19 22:27:42,740 [Worker-12: Launching mavenrun-3096282e-7093-46e9-8eaf-66f1428f4441] INFO  o.eclipse.m2e.core.internal.Bundles - 	Entry: C:\Users\DELL\.p2\pool\plugins\org.eclipse.m2e.maven.runtime_3.9.600.20231203-1234\jars\plexus-cipher-2.0.jar
2024-05-19 22:27:42,740 [Worker-12: Launching mavenrun-3096282e-7093-46e9-8eaf-66f1428f4441] INFO  o.eclipse.m2e.core.internal.Bundles - 	Entry: C:\Users\DELL\.p2\pool\plugins\org.eclipse.m2e.maven.runtime_3.9.600.20231203-1234\jars\plexus-classworlds-2.7.0.jar
2024-05-19 22:27:42,741 [Worker-12: Launching mavenrun-3096282e-7093-46e9-8eaf-66f1428f4441] INFO  o.eclipse.m2e.core.internal.Bundles - 	Entry: C:\Users\DELL\.p2\pool\plugins\org.eclipse.m2e.maven.runtime_3.9.600.20231203-1234\jars\plexus-component-annotations-2.1.0.jar
2024-05-19 22:27:42,743 [Worker-12: Launching mavenrun-3096282e-7093-46e9-8eaf-66f1428f4441] INFO  o.eclipse.m2e.core.internal.Bundles - 	Entry: C:\Users\DELL\.p2\pool\plugins\org.eclipse.m2e.maven.runtime_3.9.600.20231203-1234\jars\plexus-interpolation-1.26.jar
2024-05-19 22:27:42,743 [Worker-12: Launching mavenrun-3096282e-7093-46e9-8eaf-66f1428f4441] INFO  o.eclipse.m2e.core.internal.Bundles - 	Entry: C:\Users\DELL\.p2\pool\plugins\org.eclipse.m2e.maven.runtime_3.9.600.20231203-1234\jars\plexus-sec-dispatcher-2.0.jar
2024-05-19 22:27:42,743 [Worker-12: Launching mavenrun-3096282e-7093-46e9-8eaf-66f1428f4441] INFO  o.eclipse.m2e.core.internal.Bundles - 	Entry: C:\Users\DELL\.p2\pool\plugins\org.eclipse.m2e.maven.runtime_3.9.600.20231203-1234\jars\plexus-utils-3.5.1.jar
2024-05-19 22:27:42,743 [Worker-12: Launching mavenrun-3096282e-7093-46e9-8eaf-66f1428f4441] INFO  o.eclipse.m2e.core.internal.Bundles - 	Entry: C:\Users\DELL\.p2\pool\plugins\org.eclipse.m2e.maven.runtime_3.9.600.20231203-1234\jars\wagon-file-3.5.3.jar
2024-05-19 22:27:42,744 [Worker-12: Launching mavenrun-3096282e-7093-46e9-8eaf-66f1428f4441] INFO  o.eclipse.m2e.core.internal.Bundles - 	Entry: C:\Users\DELL\.p2\pool\plugins\org.eclipse.m2e.maven.runtime_3.9.600.20231203-1234\jars\wagon-http-3.5.3.jar
2024-05-19 22:27:42,744 [Worker-12: Launching mavenrun-3096282e-7093-46e9-8eaf-66f1428f4441] INFO  o.eclipse.m2e.core.internal.Bundles - 	Entry: C:\Users\DELL\.p2\pool\plugins\org.eclipse.m2e.maven.runtime_3.9.600.20231203-1234\jars\wagon-http-shared-3.5.3.jar
2024-05-19 22:27:42,744 [Worker-12: Launching mavenrun-3096282e-7093-46e9-8eaf-66f1428f4441] INFO  o.eclipse.m2e.core.internal.Bundles - 	Entry: C:\Users\DELL\.p2\pool\plugins\org.eclipse.m2e.maven.runtime_3.9.600.20231203-1234\jars\wagon-provider-api-3.5.3.jar
2024-05-19 22:27:42,746 [Worker-12: Launching mavenrun-3096282e-7093-46e9-8eaf-66f1428f4441] INFO  o.eclipse.m2e.core.internal.Bundles - getClasspathEntries(Bundle=com.google.guava_33.0.0.jre [14])
2024-05-19 22:27:42,747 [Worker-12: Launching mavenrun-3096282e-7093-46e9-8eaf-66f1428f4441] INFO  o.eclipse.m2e.core.internal.Bundles - 	Entry: C:\Users\DELL\.p2\pool\plugins\com.google.guava_33.0.0.jre.jar
2024-05-19 22:27:42,747 [Worker-12: Launching mavenrun-3096282e-7093-46e9-8eaf-66f1428f4441] INFO  o.eclipse.m2e.core.internal.Bundles - getClasspathEntries(Bundle=slf4j.api_2.0.13 [998])
2024-05-19 22:27:42,747 [Worker-12: Launching mavenrun-3096282e-7093-46e9-8eaf-66f1428f4441] INFO  o.eclipse.m2e.core.internal.Bundles - 	Entry: C:\Users\DELL\.p2\pool\plugins\slf4j.api_2.0.13.jar
2024-05-19 22:27:42,747 [Worker-12: Launching mavenrun-3096282e-7093-46e9-8eaf-66f1428f4441] INFO  o.eclipse.m2e.core.internal.Bundles - getClasspathEntries(Bundle=jakarta.inject.jakarta.inject-api_1.0.5 [32])
2024-05-19 22:27:42,748 [Worker-12: Launching mavenrun-3096282e-7093-46e9-8eaf-66f1428f4441] INFO  o.eclipse.m2e.core.internal.Bundles - 	Entry: C:\Users\DELL\.p2\pool\plugins\jakarta.inject.jakarta.inject-api_1.0.5.jar
2024-05-19 22:27:42,748 [Worker-12: Launching mavenrun-3096282e-7093-46e9-8eaf-66f1428f4441] INFO  o.eclipse.m2e.core.internal.Bundles - getClasspathEntries(Bundle=jakarta.annotation-api_1.3.5 [27])
2024-05-19 22:27:42,748 [Worker-12: Launching mavenrun-3096282e-7093-46e9-8eaf-66f1428f4441] INFO  o.eclipse.m2e.core.internal.Bundles - 	Entry: C:\Users\DELL\.p2\pool\plugins\jakarta.annotation-api_1.3.5.jar
2024-05-19 22:27:42,748 [Worker-12: Launching mavenrun-3096282e-7093-46e9-8eaf-66f1428f4441] INFO  o.eclipse.m2e.core.internal.Bundles - getClasspathEntries(Bundle=org.apache.commons.cli_1.6.0 [75])
2024-05-19 22:27:42,749 [Worker-12: Launching mavenrun-3096282e-7093-46e9-8eaf-66f1428f4441] INFO  o.eclipse.m2e.core.internal.Bundles - 	Entry: C:\Users\DELL\.p2\pool\plugins\org.apache.commons.cli_1.6.0.jar
2024-05-19 22:27:42,749 [Worker-12: Launching mavenrun-3096282e-7093-46e9-8eaf-66f1428f4441] INFO  o.eclipse.m2e.core.internal.Bundles - getClasspathEntries(Bundle=org.apache.commons.commons-codec_1.16.0 [78])
2024-05-19 22:27:42,749 [Worker-12: Launching mavenrun-3096282e-7093-46e9-8eaf-66f1428f4441] INFO  o.eclipse.m2e.core.internal.Bundles - 	Entry: C:\Users\DELL\.p2\pool\plugins\org.apache.commons.commons-codec_1.16.0.jar
2024-05-19 22:27:42,749 [Worker-12: Launching mavenrun-3096282e-7093-46e9-8eaf-66f1428f4441] INFO  o.eclipse.m2e.core.internal.Bundles - getClasspathEntries(Bundle=org.apache.commons.lang3_3.14.0 [86])
2024-05-19 22:27:42,749 [Worker-12: Launching mavenrun-3096282e-7093-46e9-8eaf-66f1428f4441] INFO  o.eclipse.m2e.core.internal.Bundles - 	Entry: C:\Users\DELL\.p2\pool\plugins\org.apache.commons.lang3_3.14.0.jar
2024-05-19 22:27:42,749 [Worker-12: Launching mavenrun-3096282e-7093-46e9-8eaf-66f1428f4441] INFO  o.eclipse.m2e.core.internal.Bundles - getClasspathEntries(Bundle=com.google.guava.failureaccess_1.0.2 [15])
2024-05-19 22:27:42,750 [Worker-12: Launching mavenrun-3096282e-7093-46e9-8eaf-66f1428f4441] INFO  o.eclipse.m2e.core.internal.Bundles - 	Entry: C:\Users\DELL\.p2\pool\plugins\com.google.guava.failureaccess_1.0.2.jar
2024-05-19 22:27:43,161 [Worker-12: Launching mavenrun-3096282e-7093-46e9-8eaf-66f1428f4441] INFO  o.e.m.i.launch.MavenLaunchDelegate - Run build in "C:\Users\DELL\AppData\Local\Temp\m2e-archetypeGenerator16405123493574108659":
2024-05-19 22:27:43,166 [Worker-12: Launching mavenrun-3096282e-7093-46e9-8eaf-66f1428f4441] INFO  o.e.m.i.launch.MavenLaunchDelegate -  mvn  -DarchetypeGroupId=org.apache.maven.archetypes -DarchetypeArtifactId=maven-archetype-quickstart -DarchetypeVersion=1.4 -DgroupId=sonar -DartifactId=com.hello.mavensonar -Dversion=0.0.1-SNAPSHOT -Dpackage=sonar.com.hello.mavensonar -DoutputDirectory="F:\Coforge Java Bootcamp\Maven projects" -B -Dstyle.color=always -U archetype:generate
2024-05-19 22:27:56,785 [Worker-7: Creating maven-archetype-quickstart] INFO  o.e.m.c.i.p.ProjectConfigurationManager - Collecting project info '/pom.xml' F:\Coforge Java Bootcamp\Maven projects\com.hello.mavensonar\pom.xml
2024-05-19 22:27:58,626 [Worker-7: Creating maven-archetype-quickstart] INFO  o.e.m.c.i.l.LifecycleMappingFactory - Using org.eclipse.m2e.jdt.JarLifecycleMapping lifecycle mapping for MavenProject: sonar:com.hello.mavensonar:0.0.1-SNAPSHOT @ F:\Coforge Java Bootcamp\Maven projects\com.hello.mavensonar\pom.xml.
2024-05-19 22:27:59,597 [Worker-7: Creating maven-archetype-quickstart] INFO  o.e.m.j.i.AbstractJavaProjectConfigurator - Adding source folder /com.hello.mavensonar/src/main/java
2024-05-19 22:27:59,599 [Worker-7: Creating maven-archetype-quickstart] INFO  o.e.m.j.i.AbstractJavaProjectConfigurator - Adding resource folder /com.hello.mavensonar/src/main/resources
2024-05-19 22:27:59,603 [Worker-7: Creating maven-archetype-quickstart] INFO  o.e.m.j.i.AbstractJavaProjectConfigurator - Adding source folder /com.hello.mavensonar/src/test/java
2024-05-19 22:27:59,604 [Worker-7: Creating maven-archetype-quickstart] INFO  o.e.m.j.i.AbstractJavaProjectConfigurator - Adding resource folder /com.hello.mavensonar/src/test/resources
2024-05-19 22:27:59,792 [Worker-7: Creating maven-archetype-quickstart] INFO  o.e.m.c.i.p.ProjectConfigurationManager - Imported and configured 1 project(s) in 3 sec
2024-05-19 22:28:01,418 [Worker-13: Building] INFO  o.e.m.c.i.embedder.EclipseLogger - Using 'UTF-8' encoding to copy filtered resources.
2024-05-19 22:28:01,418 [Worker-13: Building] INFO  o.e.m.c.i.embedder.EclipseLogger - skip non existing resourceDirectory F:\Coforge Java Bootcamp\Maven projects\com.hello.mavensonar\src\main\resources
2024-05-19 22:28:01,425 [Worker-13: Building] INFO  o.e.m.c.i.embedder.EclipseLogger - Using 'UTF-8' encoding to copy filtered resources.
2024-05-19 22:28:01,426 [Worker-13: Building] INFO  o.e.m.c.i.embedder.EclipseLogger - skip non existing resourceDirectory F:\Coforge Java Bootcamp\Maven projects\com.hello.mavensonar\src\test\resources
2024-05-19 22:40:53,958 [Worker-3: Loading available Gradle versions] INFO  o.e.b.c.i.u.g.PublishedGradleVersions - Gradle version information cache is up-to-date. Trying to read.
